-- The C compiler identification is GNU 13.3.0
-- The CXX compiler identification is GNU 13.3.0
-- Detecting C compiler ABI info
-- Detecting C compiler ABI info - done
-- Check for working C compiler: /usr/bin/cc - skipped
-- Detecting C compile features
-- Detecting C compile features - done
-- Detecting CXX compiler ABI info
-- Detecting CXX compiler ABI info - done
-- Check for working CXX compiler: /usr/bin/c++ - skipped
-- Detecting CXX compile features
-- Detecting CXX compile features - done
-- Found ament_cmake: 2.5.4 (/opt/ros/jazzy/share/ament_cmake/cmake)
-- Found Python3: /usr/bin/python3 (found version "3.12.3") found components: Interpreter 
-- Found rclpy: 7.1.5 (/opt/ros/jazzy/share/rclpy/cmake)
-- Found rclcpp: 28.1.11 (/opt/ros/jazzy/share/rclcpp/cmake)
-- Found rosidl_generator_c: 4.6.6 (/opt/ros/jazzy/share/rosidl_generator_c/cmake)
-- Found rosidl_generator_cpp: 4.6.6 (/opt/ros/jazzy/share/rosidl_generator_cpp/cmake)
-- Using all available rosidl_typesupport_c: rosidl_typesupport_fastrtps_c;rosidl_typesupport_introspection_c
-- Using all available rosidl_typesupport_cpp: rosidl_typesupport_fastrtps_cpp;rosidl_typesupport_introspection_cpp
-- Found rmw_implementation_cmake: 7.3.2 (/opt/ros/jazzy/share/rmw_implementation_cmake/cmake)
-- Found rmw_fastrtps_cpp: 8.4.3 (/opt/ros/jazzy/share/rmw_fastrtps_cpp/cmake)
-- Found OpenSSL: /usr/lib/x86_64-linux-gnu/libcrypto.so (found version "3.0.13")  
-- Found FastRTPS: /opt/ros/jazzy/include (Required is at least version "2.13") 
-- Using RMW implementation 'rmw_fastrtps_cpp' as default
-- Found turtlesim: 1.8.3 (/opt/ros/jazzy/share/turtlesim/cmake)
-- Found std_msgs: 5.3.6 (/opt/ros/jazzy/share/std_msgs/cmake)
-- Found geometry_msgs: 5.3.6 (/opt/ros/jazzy/share/geometry_msgs/cmake)
-- Found ament_lint_auto: 0.17.3 (/opt/ros/jazzy/share/ament_lint_auto/cmake)
-- Added test 'cppcheck' to perform static code analysis on C / C++ code
-- Configured cppcheck include dirs: /root/assignment1_rt/include
-- Configured cppcheck exclude dirs and/or files: 
-- Added test 'flake8' to check Python code syntax and style conventions
-- Configured 'flake8' exclude dirs and/or files: 
-- Added test 'lint_cmake' to check CMake code style
-- Added test 'pep257' to check Python code against some of the docstring style conventions in PEP 257
-- Added test 'uncrustify' to check C / C++ code style
-- Configured uncrustify additional arguments: 
-- Added test 'xmllint' to check XML markup files
-- Configuring done (2.2s)
-- Generating done (0.0s)
-- Build files have been written to: /root/assignment1_rt/build/assignment1_rt
[ 50%] [32mBuilding CXX object CMakeFiles/TextInterface.dir/src/TextInterface.cpp.o[0m
[ 50%] [32mBuilding CXX object CMakeFiles/TurtlesController.dir/src/TurtlesController.cpp.o[0m
[ 50%] Built target ament_cmake_python_copy_assignment1_rt
running egg_info
creating assignment1_rt.egg-info
writing assignment1_rt.egg-info/PKG-INFO
writing dependency_links to assignment1_rt.egg-info/dependency_links.txt
writing top-level names to assignment1_rt.egg-info/top_level.txt
writing manifest file 'assignment1_rt.egg-info/SOURCES.txt'
reading manifest file 'assignment1_rt.egg-info/SOURCES.txt'
writing manifest file 'assignment1_rt.egg-info/SOURCES.txt'
[ 50%] Built target ament_cmake_python_build_assignment1_rt_egg
[ 75%] [32m[1mLinking CXX executable TextInterface[0m
[ 75%] Built target TextInterface
[100%] [32m[1mLinking CXX executable TurtlesController[0m
[100%] Built target TurtlesController
-- Install configuration: ""
-- Installing: /root/assignment1_rt/install/assignment1_rt/lib/assignment1_rt/TextInterface
-- Set non-toolchain portion of runtime path of "/root/assignment1_rt/install/assignment1_rt/lib/assignment1_rt/TextInterface" to ""
-- Installing: /root/assignment1_rt/install/assignment1_rt/lib/assignment1_rt/TurtlesController
-- Set non-toolchain portion of runtime path of "/root/assignment1_rt/install/assignment1_rt/lib/assignment1_rt/TurtlesController" to ""
-- Installing: /root/assignment1_rt/install/assignment1_rt/share/assignment1_rt/environment/pythonpath.sh
-- Installing: /root/assignment1_rt/install/assignment1_rt/share/assignment1_rt/environment/pythonpath.dsv
-- Installing: /root/assignment1_rt/install/assignment1_rt/lib/python3.12/site-packages/assignment1_rt-0.0.0-py3.12.egg-info
-- Installing: /root/assignment1_rt/install/assignment1_rt/lib/python3.12/site-packages/assignment1_rt-0.0.0-py3.12.egg-info/PKG-INFO
-- Installing: /root/assignment1_rt/install/assignment1_rt/lib/python3.12/site-packages/assignment1_rt-0.0.0-py3.12.egg-info/dependency_links.txt
-- Installing: /root/assignment1_rt/install/assignment1_rt/lib/python3.12/site-packages/assignment1_rt-0.0.0-py3.12.egg-info/SOURCES.txt
-- Installing: /root/assignment1_rt/install/assignment1_rt/lib/python3.12/site-packages/assignment1_rt-0.0.0-py3.12.egg-info/top_level.txt
-- Installing: /root/assignment1_rt/install/assignment1_rt/lib/python3.12/site-packages/assignment1_rt
-- Installing: /root/assignment1_rt/install/assignment1_rt/lib/python3.12/site-packages/assignment1_rt/__init__.py
Listing '/root/assignment1_rt/install/assignment1_rt/lib/python3.12/site-packages/assignment1_rt'...
Compiling '/root/assignment1_rt/install/assignment1_rt/lib/python3.12/site-packages/assignment1_rt/__init__.py'...
-- Installing: /root/assignment1_rt/install/assignment1_rt/lib/assignment1_rt/turtle_spawn.py
-- Installing: /root/assignment1_rt/install/assignment1_rt/share/ament_index/resource_index/package_run_dependencies/assignment1_rt
-- Installing: /root/assignment1_rt/install/assignment1_rt/share/ament_index/resource_index/parent_prefix_path/assignment1_rt
-- Installing: /root/assignment1_rt/install/assignment1_rt/share/assignment1_rt/environment/ament_prefix_path.sh
-- Installing: /root/assignment1_rt/install/assignment1_rt/share/assignment1_rt/environment/ament_prefix_path.dsv
-- Installing: /root/assignment1_rt/install/assignment1_rt/share/assignment1_rt/environment/path.sh
-- Installing: /root/assignment1_rt/install/assignment1_rt/share/assignment1_rt/environment/path.dsv
-- Installing: /root/assignment1_rt/install/assignment1_rt/share/assignment1_rt/local_setup.bash
-- Installing: /root/assignment1_rt/install/assignment1_rt/share/assignment1_rt/local_setup.sh
-- Installing: /root/assignment1_rt/install/assignment1_rt/share/assignment1_rt/local_setup.zsh
-- Installing: /root/assignment1_rt/install/assignment1_rt/share/assignment1_rt/local_setup.dsv
-- Installing: /root/assignment1_rt/install/assignment1_rt/share/assignment1_rt/package.dsv
-- Installing: /root/assignment1_rt/install/assignment1_rt/share/ament_index/resource_index/packages/assignment1_rt
-- Installing: /root/assignment1_rt/install/assignment1_rt/share/assignment1_rt/cmake/assignment1_rtConfig.cmake
-- Installing: /root/assignment1_rt/install/assignment1_rt/share/assignment1_rt/cmake/assignment1_rtConfig-version.cmake
-- Installing: /root/assignment1_rt/install/assignment1_rt/share/assignment1_rt/package.xml
