[0.014s] Invoking command in '/root/assignment1_rt/build/assignment1_rt': CMAKE_PREFIX_PATH=${CMAKE_PREFIX_PATH}:/opt/ros/jazzy /usr/bin/cmake /root/assignment1_rt -DCMAKE_INSTALL_PREFIX=/root/assignment1_rt/install/assignment1_rt
[0.178s] -- The C compiler identification is GNU 13.3.0
[0.246s] -- The CXX compiler identification is GNU 13.3.0
[0.275s] -- Detecting C compiler ABI info
[0.387s] -- Detecting C compiler ABI info - done
[0.396s] -- Check for working C compiler: /usr/bin/cc - skipped
[0.398s] -- Detecting C compile features
[0.398s] -- Detecting C compile features - done
[0.410s] -- Detecting CXX compiler ABI info
[0.516s] -- Detecting CXX compiler ABI info - done
[0.524s] -- Check for working CXX compiler: /usr/bin/c++ - skipped
[0.525s] -- Detecting CXX compile features
[0.525s] -- Detecting CXX compile features - done
[0.576s] -- Found ament_cmake: 2.5.4 (/opt/ros/jazzy/share/ament_cmake/cmake)
[0.741s] -- Found Python3: /usr/bin/python3 (found version "3.12.3") found components: Interpreter 
[0.924s] -- Found rclpy: 7.1.5 (/opt/ros/jazzy/share/rclpy/cmake)
[0.931s] -- Found rclcpp: 28.1.11 (/opt/ros/jazzy/share/rclcpp/cmake)
[1.040s] -- Found rosidl_generator_c: 4.6.6 (/opt/ros/jazzy/share/rosidl_generator_c/cmake)
[1.067s] -- Found rosidl_generator_cpp: 4.6.6 (/opt/ros/jazzy/share/rosidl_generator_cpp/cmake)
[1.107s] -- Using all available rosidl_typesupport_c: rosidl_typesupport_fastrtps_c;rosidl_typesupport_introspection_c
[1.146s] -- Using all available rosidl_typesupport_cpp: rosidl_typesupport_fastrtps_cpp;rosidl_typesupport_introspection_cpp
[1.296s] -- Found rmw_implementation_cmake: 7.3.2 (/opt/ros/jazzy/share/rmw_implementation_cmake/cmake)
[1.304s] -- Found rmw_fastrtps_cpp: 8.4.3 (/opt/ros/jazzy/share/rmw_fastrtps_cpp/cmake)
[1.470s] -- Found OpenSSL: /usr/lib/x86_64-linux-gnu/libcrypto.so (found version "3.0.13")  
[1.499s] -- Found FastRTPS: /opt/ros/jazzy/include (Required is at least version "2.13") 
[1.523s] -- Using RMW implementation 'rmw_fastrtps_cpp' as default
[1.666s] -- Found turtlesim: 1.8.3 (/opt/ros/jazzy/share/turtlesim/cmake)
[1.763s] -- Found std_msgs: 5.3.6 (/opt/ros/jazzy/share/std_msgs/cmake)
[1.791s] -- Found geometry_msgs: 5.3.6 (/opt/ros/jazzy/share/geometry_msgs/cmake)
[1.951s] -- Found ament_lint_auto: 0.17.3 (/opt/ros/jazzy/share/ament_lint_auto/cmake)
[2.170s] -- Added test 'cppcheck' to perform static code analysis on C / C++ code
[2.170s] -- Configured cppcheck include dirs: /root/assignment1_rt/include
[2.170s] -- Configured cppcheck exclude dirs and/or files: 
[2.177s] -- Added test 'flake8' to check Python code syntax and style conventions
[2.177s] -- Configured 'flake8' exclude dirs and/or files: 
[2.187s] -- Added test 'lint_cmake' to check CMake code style
[2.193s] -- Added test 'pep257' to check Python code against some of the docstring style conventions in PEP 257
[2.226s] -- Added test 'uncrustify' to check C / C++ code style
[2.226s] -- Configured uncrustify additional arguments: 
[2.233s] -- Added test 'xmllint' to check XML markup files
[2.237s] -- Configuring done (2.2s)
[2.259s] -- Generating done (0.0s)
[2.265s] -- Build files have been written to: /root/assignment1_rt/build/assignment1_rt
[2.276s] Invoked command in '/root/assignment1_rt/build/assignment1_rt' returned '0': CMAKE_PREFIX_PATH=${CMAKE_PREFIX_PATH}:/opt/ros/jazzy /usr/bin/cmake /root/assignment1_rt -DCMAKE_INSTALL_PREFIX=/root/assignment1_rt/install/assignment1_rt
[2.277s] Invoking command in '/root/assignment1_rt/build/assignment1_rt': CMAKE_PREFIX_PATH=${CMAKE_PREFIX_PATH}:/opt/ros/jazzy /usr/bin/cmake --build /root/assignment1_rt/build/assignment1_rt -- -j20 -l20
[2.334s] [ 50%] [32mBuilding CXX object CMakeFiles/TextInterface.dir/src/TextInterface.cpp.o[0m
[2.335s] [ 50%] [32mBuilding CXX object CMakeFiles/TurtlesController.dir/src/TurtlesController.cpp.o[0m
[2.343s] [ 50%] Built target ament_cmake_python_copy_assignment1_rt
[2.573s] running egg_info
[2.574s] creating assignment1_rt.egg-info
[2.588s] writing assignment1_rt.egg-info/PKG-INFO
[2.588s] writing dependency_links to assignment1_rt.egg-info/dependency_links.txt
[2.588s] writing top-level names to assignment1_rt.egg-info/top_level.txt
[2.588s] writing manifest file 'assignment1_rt.egg-info/SOURCES.txt'
[2.630s] reading manifest file 'assignment1_rt.egg-info/SOURCES.txt'
[2.631s] writing manifest file 'assignment1_rt.egg-info/SOURCES.txt'
[2.662s] [ 50%] Built target ament_cmake_python_build_assignment1_rt_egg
[6.724s] [ 75%] [32m[1mLinking CXX executable TextInterface[0m
[6.903s] [ 75%] Built target TextInterface
[11.198s] [100%] [32m[1mLinking CXX executable TurtlesController[0m
[11.528s] [100%] Built target TurtlesController
[11.541s] Invoked command in '/root/assignment1_rt/build/assignment1_rt' returned '0': CMAKE_PREFIX_PATH=${CMAKE_PREFIX_PATH}:/opt/ros/jazzy /usr/bin/cmake --build /root/assignment1_rt/build/assignment1_rt -- -j20 -l20
[11.553s] Invoking command in '/root/assignment1_rt/build/assignment1_rt': CMAKE_PREFIX_PATH=${CMAKE_PREFIX_PATH}:/opt/ros/jazzy /usr/bin/cmake --install /root/assignment1_rt/build/assignment1_rt
[11.562s] -- Install configuration: ""
[11.562s] -- Installing: /root/assignment1_rt/install/assignment1_rt/lib/assignment1_rt/TextInterface
[11.564s] -- Set non-toolchain portion of runtime path of "/root/assignment1_rt/install/assignment1_rt/lib/assignment1_rt/TextInterface" to ""
[11.564s] -- Installing: /root/assignment1_rt/install/assignment1_rt/lib/assignment1_rt/TurtlesController
[11.570s] -- Set non-toolchain portion of runtime path of "/root/assignment1_rt/install/assignment1_rt/lib/assignment1_rt/TurtlesController" to ""
[11.570s] -- Installing: /root/assignment1_rt/install/assignment1_rt/share/assignment1_rt/environment/pythonpath.sh
[11.570s] -- Installing: /root/assignment1_rt/install/assignment1_rt/share/assignment1_rt/environment/pythonpath.dsv
[11.570s] -- Installing: /root/assignment1_rt/install/assignment1_rt/lib/python3.12/site-packages/assignment1_rt-0.0.0-py3.12.egg-info
[11.571s] -- Installing: /root/assignment1_rt/install/assignment1_rt/lib/python3.12/site-packages/assignment1_rt-0.0.0-py3.12.egg-info/PKG-INFO
[11.571s] -- Installing: /root/assignment1_rt/install/assignment1_rt/lib/python3.12/site-packages/assignment1_rt-0.0.0-py3.12.egg-info/dependency_links.txt
[11.571s] -- Installing: /root/assignment1_rt/install/assignment1_rt/lib/python3.12/site-packages/assignment1_rt-0.0.0-py3.12.egg-info/SOURCES.txt
[11.571s] -- Installing: /root/assignment1_rt/install/assignment1_rt/lib/python3.12/site-packages/assignment1_rt-0.0.0-py3.12.egg-info/top_level.txt
[11.571s] -- Installing: /root/assignment1_rt/install/assignment1_rt/lib/python3.12/site-packages/assignment1_rt
[11.572s] -- Installing: /root/assignment1_rt/install/assignment1_rt/lib/python3.12/site-packages/assignment1_rt/__init__.py
[11.612s] Listing '/root/assignment1_rt/install/assignment1_rt/lib/python3.12/site-packages/assignment1_rt'...
[11.612s] Compiling '/root/assignment1_rt/install/assignment1_rt/lib/python3.12/site-packages/assignment1_rt/__init__.py'...
[11.618s] -- Installing: /root/assignment1_rt/install/assignment1_rt/lib/assignment1_rt/turtle_spawn.py
[11.620s] -- Installing: /root/assignment1_rt/install/assignment1_rt/share/ament_index/resource_index/package_run_dependencies/assignment1_rt
[11.620s] -- Installing: /root/assignment1_rt/install/assignment1_rt/share/ament_index/resource_index/parent_prefix_path/assignment1_rt
[11.621s] -- Installing: /root/assignment1_rt/install/assignment1_rt/share/assignment1_rt/environment/ament_prefix_path.sh
[11.621s] -- Installing: /root/assignment1_rt/install/assignment1_rt/share/assignment1_rt/environment/ament_prefix_path.dsv
[11.621s] -- Installing: /root/assignment1_rt/install/assignment1_rt/share/assignment1_rt/environment/path.sh
[11.621s] -- Installing: /root/assignment1_rt/install/assignment1_rt/share/assignment1_rt/environment/path.dsv
[11.621s] -- Installing: /root/assignment1_rt/install/assignment1_rt/share/assignment1_rt/local_setup.bash
[11.621s] -- Installing: /root/assignment1_rt/install/assignment1_rt/share/assignment1_rt/local_setup.sh
[11.622s] -- Installing: /root/assignment1_rt/install/assignment1_rt/share/assignment1_rt/local_setup.zsh
[11.622s] -- Installing: /root/assignment1_rt/install/assignment1_rt/share/assignment1_rt/local_setup.dsv
[11.622s] -- Installing: /root/assignment1_rt/install/assignment1_rt/share/assignment1_rt/package.dsv
[11.622s] -- Installing: /root/assignment1_rt/install/assignment1_rt/share/ament_index/resource_index/packages/assignment1_rt
[11.622s] -- Installing: /root/assignment1_rt/install/assignment1_rt/share/assignment1_rt/cmake/assignment1_rtConfig.cmake
[11.623s] -- Installing: /root/assignment1_rt/install/assignment1_rt/share/assignment1_rt/cmake/assignment1_rtConfig-version.cmake
[11.623s] -- Installing: /root/assignment1_rt/install/assignment1_rt/share/assignment1_rt/package.xml
[11.625s] Invoked command in '/root/assignment1_rt/build/assignment1_rt' returned '0': CMAKE_PREFIX_PATH=${CMAKE_PREFIX_PATH}:/opt/ros/jazzy /usr/bin/cmake --install /root/assignment1_rt/build/assignment1_rt
