[0.023s] Invoking command in '/root/assignment1_rt/build/assignment1_rt': CMAKE_PREFIX_PATH=${CMAKE_PREFIX_PATH}:/opt/ros/jazzy /usr/bin/cmake --build /root/assignment1_rt/build/assignment1_rt -- -j20 -l20
[0.185s] [ 50%] [32mBuilding CXX object CMakeFiles/TextInterface.dir/src/TextInterface.cpp.o[0m
[0.185s] [ 50%] [32mBuilding CXX object CMakeFiles/TurtlesController.dir/src/TurtlesController.cpp.o[0m
[0.187s] [ 50%] Built target ament_cmake_python_copy_assignment1_rt
[0.394s] running egg_info
[0.410s] writing assignment1_rt.egg-info/PKG-INFO
[0.410s] writing dependency_links to assignment1_rt.egg-info/dependency_links.txt
[0.410s] writing top-level names to assignment1_rt.egg-info/top_level.txt
[0.452s] reading manifest file 'assignment1_rt.egg-info/SOURCES.txt'
[0.452s] writing manifest file 'assignment1_rt.egg-info/SOURCES.txt'
[0.479s] [ 50%] Built target ament_cmake_python_build_assignment1_rt_egg
[2.820s] [01m[K/root/assignment1_rt/src/TurtlesController.cpp:[m[K In member function ‘[01m[Kvoid TurtlesController::[01;32m[Ktimer_callback1[m[K()[m[K’:
[2.820s] [01m[K/root/assignment1_rt/src/TurtlesController.cpp:36:15:[m[K [01;35m[Kwarning: [m[Kunused variable ‘[01m[Kdistance[m[K’ [[01;35m[K]8;;https://gcc.gnu.org/onlinedocs/gcc/Warning-Options.html#index-Wunused-variable-Wunused-variable]8;;[m[K]
[2.820s]    36 |         float [01;35m[Kdistance[m[K = std::sqrt(std::pow(turtle2_x_ - turtle1_x_, 2) + std::pow(turtle2_y_ - turtle1_y_, 2));
[2.820s]       |               [01;35m[K^~~~~~~~[m[K
[2.820s] [01m[K/root/assignment1_rt/src/TurtlesController.cpp:[m[K In member function ‘[01m[Kvoid TurtlesController::[01;32m[Ktimer_callback2[m[K()[m[K’:
[2.820s] [01m[K/root/assignment1_rt/src/TurtlesController.cpp:41:15:[m[K [01;35m[Kwarning: [m[Kunused variable ‘[01m[Kdistance[m[K’ [[01;35m[K]8;;https://gcc.gnu.org/onlinedocs/gcc/Warning-Options.html#index-Wunused-variable-Wunused-variable]8;;[m[K]
[2.820s]    41 |         float [01;35m[Kdistance[m[K = std::sqrt(std::pow(turtle2_x_ - turtle1_x_, 2) + std::pow(turtle2_y_ - turtle1_y_, 2));
[2.820s]       |               [01;35m[K^~~~~~~~[m[K
[4.862s] [ 75%] [32m[1mLinking CXX executable TextInterface[0m
[5.148s] [ 75%] Built target TextInterface
[8.989s] [100%] [32m[1mLinking CXX executable TurtlesController[0m
[9.303s] [100%] Built target TurtlesController
[9.316s] Invoked command in '/root/assignment1_rt/build/assignment1_rt' returned '0': CMAKE_PREFIX_PATH=${CMAKE_PREFIX_PATH}:/opt/ros/jazzy /usr/bin/cmake --build /root/assignment1_rt/build/assignment1_rt -- -j20 -l20
[9.329s] Invoking command in '/root/assignment1_rt/build/assignment1_rt': CMAKE_PREFIX_PATH=${CMAKE_PREFIX_PATH}:/opt/ros/jazzy /usr/bin/cmake --install /root/assignment1_rt/build/assignment1_rt
[9.342s] -- Install configuration: ""
[9.344s] -- Installing: /root/assignment1_rt/install/assignment1_rt/lib/assignment1_rt/TextInterface
[9.347s] -- Set non-toolchain portion of runtime path of "/root/assignment1_rt/install/assignment1_rt/lib/assignment1_rt/TextInterface" to ""
[9.347s] -- Installing: /root/assignment1_rt/install/assignment1_rt/lib/assignment1_rt/TurtlesController
[9.354s] -- Set non-toolchain portion of runtime path of "/root/assignment1_rt/install/assignment1_rt/lib/assignment1_rt/TurtlesController" to ""
[9.354s] -- Up-to-date: /root/assignment1_rt/install/assignment1_rt/share/assignment1_rt/environment/pythonpath.sh
[9.354s] -- Up-to-date: /root/assignment1_rt/install/assignment1_rt/share/assignment1_rt/environment/pythonpath.dsv
[9.354s] -- Up-to-date: /root/assignment1_rt/install/assignment1_rt/lib/python3.12/site-packages/assignment1_rt-0.0.0-py3.12.egg-info
[9.355s] -- Installing: /root/assignment1_rt/install/assignment1_rt/lib/python3.12/site-packages/assignment1_rt-0.0.0-py3.12.egg-info/PKG-INFO
[9.355s] -- Installing: /root/assignment1_rt/install/assignment1_rt/lib/python3.12/site-packages/assignment1_rt-0.0.0-py3.12.egg-info/dependency_links.txt
[9.355s] -- Installing: /root/assignment1_rt/install/assignment1_rt/lib/python3.12/site-packages/assignment1_rt-0.0.0-py3.12.egg-info/SOURCES.txt
[9.355s] -- Installing: /root/assignment1_rt/install/assignment1_rt/lib/python3.12/site-packages/assignment1_rt-0.0.0-py3.12.egg-info/top_level.txt
[9.355s] -- Up-to-date: /root/assignment1_rt/install/assignment1_rt/lib/python3.12/site-packages/assignment1_rt
[9.355s] -- Up-to-date: /root/assignment1_rt/install/assignment1_rt/lib/python3.12/site-packages/assignment1_rt/__init__.py
[9.393s] Listing '/root/assignment1_rt/install/assignment1_rt/lib/python3.12/site-packages/assignment1_rt'...
[9.399s] -- Up-to-date: /root/assignment1_rt/install/assignment1_rt/lib/assignment1_rt/turtle_spawn.py
[9.399s] -- Up-to-date: /root/assignment1_rt/install/assignment1_rt/share/ament_index/resource_index/package_run_dependencies/assignment1_rt
[9.399s] -- Up-to-date: /root/assignment1_rt/install/assignment1_rt/share/ament_index/resource_index/parent_prefix_path/assignment1_rt
[9.400s] -- Up-to-date: /root/assignment1_rt/install/assignment1_rt/share/assignment1_rt/environment/ament_prefix_path.sh
[9.400s] -- Up-to-date: /root/assignment1_rt/install/assignment1_rt/share/assignment1_rt/environment/ament_prefix_path.dsv
[9.400s] -- Up-to-date: /root/assignment1_rt/install/assignment1_rt/share/assignment1_rt/environment/path.sh
[9.400s] -- Up-to-date: /root/assignment1_rt/install/assignment1_rt/share/assignment1_rt/environment/path.dsv
[9.400s] -- Up-to-date: /root/assignment1_rt/install/assignment1_rt/share/assignment1_rt/local_setup.bash
[9.400s] -- Up-to-date: /root/assignment1_rt/install/assignment1_rt/share/assignment1_rt/local_setup.sh
[9.401s] -- Up-to-date: /root/assignment1_rt/install/assignment1_rt/share/assignment1_rt/local_setup.zsh
[9.401s] -- Up-to-date: /root/assignment1_rt/install/assignment1_rt/share/assignment1_rt/local_setup.dsv
[9.401s] -- Installing: /root/assignment1_rt/install/assignment1_rt/share/assignment1_rt/package.dsv
[9.401s] -- Up-to-date: /root/assignment1_rt/install/assignment1_rt/share/ament_index/resource_index/packages/assignment1_rt
[9.401s] -- Up-to-date: /root/assignment1_rt/install/assignment1_rt/share/assignment1_rt/cmake/assignment1_rtConfig.cmake
[9.401s] -- Up-to-date: /root/assignment1_rt/install/assignment1_rt/share/assignment1_rt/cmake/assignment1_rtConfig-version.cmake
[9.401s] -- Up-to-date: /root/assignment1_rt/install/assignment1_rt/share/assignment1_rt/package.xml
[9.403s] Invoked command in '/root/assignment1_rt/build/assignment1_rt' returned '0': CMAKE_PREFIX_PATH=${CMAKE_PREFIX_PATH}:/opt/ros/jazzy /usr/bin/cmake --install /root/assignment1_rt/build/assignment1_rt
