[0.010s] Invoking command in '/root/assignment1_rt/build/assignment1_rt': CMAKE_PREFIX_PATH=${CMAKE_PREFIX_PATH}:/opt/ros/jazzy /usr/bin/cmake /root/assignment1_rt -DCMAKE_INSTALL_PREFIX=/root/assignment1_rt/install/assignment1_rt
[0.030s] -- Found ament_cmake: 2.5.4 (/opt/ros/jazzy/share/ament_cmake/cmake)
[0.246s] -- Found rclpy: 7.1.5 (/opt/ros/jazzy/share/rclpy/cmake)
[0.246s] -- Found rclcpp: 28.1.11 (/opt/ros/jazzy/share/rclcpp/cmake)
[0.277s] -- Found rosidl_generator_c: 4.6.6 (/opt/ros/jazzy/share/rosidl_generator_c/cmake)
[0.285s] -- Found rosidl_generator_cpp: 4.6.6 (/opt/ros/jazzy/share/rosidl_generator_cpp/cmake)
[0.297s] -- Using all available rosidl_typesupport_c: rosidl_typesupport_fastrtps_c;rosidl_typesupport_introspection_c
[0.310s] -- Using all available rosidl_typesupport_cpp: rosidl_typesupport_fastrtps_cpp;rosidl_typesupport_introspection_cpp
[0.373s] -- Found rmw_implementation_cmake: 7.3.2 (/opt/ros/jazzy/share/rmw_implementation_cmake/cmake)
[0.374s] -- Found rmw_fastrtps_cpp: 8.4.3 (/opt/ros/jazzy/share/rmw_fastrtps_cpp/cmake)
[0.436s] -- Using RMW implementation 'rmw_fastrtps_cpp' as default
[0.494s] -- Found turtlesim: 1.8.3 (/opt/ros/jazzy/share/turtlesim/cmake)
[0.544s] -- Found geometry_msgs: 5.3.6 (/opt/ros/jazzy/share/geometry_msgs/cmake)
[0.662s] -- Found ament_lint_auto: 0.17.3 (/opt/ros/jazzy/share/ament_lint_auto/cmake)
[0.794s] -- Added test 'cppcheck' to perform static code analysis on C / C++ code
[0.794s] -- Configured cppcheck include dirs: /root/assignment1_rt/include
[0.794s] -- Configured cppcheck exclude dirs and/or files: 
[0.796s] -- Added test 'flake8' to check Python code syntax and style conventions
[0.796s] -- Configured 'flake8' exclude dirs and/or files: 
[0.799s] -- Added test 'lint_cmake' to check CMake code style
[0.800s] -- Added test 'pep257' to check Python code against some of the docstring style conventions in PEP 257
[0.807s] -- Added test 'uncrustify' to check C / C++ code style
[0.807s] -- Configured uncrustify additional arguments: 
[0.809s] -- Added test 'xmllint' to check XML markup files
[0.812s] -- Configuring done (0.8s)
[0.833s] -- Generating done (0.0s)
[0.838s] -- Build files have been written to: /root/assignment1_rt/build/assignment1_rt
[0.844s] Invoked command in '/root/assignment1_rt/build/assignment1_rt' returned '0': CMAKE_PREFIX_PATH=${CMAKE_PREFIX_PATH}:/opt/ros/jazzy /usr/bin/cmake /root/assignment1_rt -DCMAKE_INSTALL_PREFIX=/root/assignment1_rt/install/assignment1_rt
[0.845s] Invoking command in '/root/assignment1_rt/build/assignment1_rt': CMAKE_PREFIX_PATH=${CMAKE_PREFIX_PATH}:/opt/ros/jazzy /usr/bin/cmake --build /root/assignment1_rt/build/assignment1_rt -- -j20 -l20
[0.898s] [ 50%] [32mBuilding CXX object CMakeFiles/interface_node.dir/src/interface_node.cpp.o[0m
[0.906s] [ 50%] Built target ament_cmake_python_copy_assignment1_rt
[1.086s] running egg_info
[1.087s] creating assignment1_rt.egg-info
[1.100s] writing assignment1_rt.egg-info/PKG-INFO
[1.100s] writing dependency_links to assignment1_rt.egg-info/dependency_links.txt
[1.100s] writing top-level names to assignment1_rt.egg-info/top_level.txt
[1.101s] writing manifest file 'assignment1_rt.egg-info/SOURCES.txt'
[1.147s] reading manifest file 'assignment1_rt.egg-info/SOURCES.txt'
[1.147s] writing manifest file 'assignment1_rt.egg-info/SOURCES.txt'
[1.173s] [ 50%] Built target ament_cmake_python_build_assignment1_rt_egg
[9.081s] [100%] [32m[1mLinking CXX executable interface_node[0m
[9.458s] [100%] Built target interface_node
[9.470s] Invoked command in '/root/assignment1_rt/build/assignment1_rt' returned '0': CMAKE_PREFIX_PATH=${CMAKE_PREFIX_PATH}:/opt/ros/jazzy /usr/bin/cmake --build /root/assignment1_rt/build/assignment1_rt -- -j20 -l20
[9.482s] Invoking command in '/root/assignment1_rt/build/assignment1_rt': CMAKE_PREFIX_PATH=${CMAKE_PREFIX_PATH}:/opt/ros/jazzy /usr/bin/cmake --install /root/assignment1_rt/build/assignment1_rt
[9.491s] -- Install configuration: ""
[9.491s] -- Installing: /root/assignment1_rt/install/assignment1_rt/lib/assignment1_rt/interface_node
[9.498s] -- Set non-toolchain portion of runtime path of "/root/assignment1_rt/install/assignment1_rt/lib/assignment1_rt/interface_node" to ""
[9.498s] -- Installing: /root/assignment1_rt/install/assignment1_rt/share/assignment1_rt/environment/pythonpath.sh
[9.498s] -- Installing: /root/assignment1_rt/install/assignment1_rt/share/assignment1_rt/environment/pythonpath.dsv
[9.498s] -- Installing: /root/assignment1_rt/install/assignment1_rt/lib/python3.12/site-packages/assignment1_rt-0.0.0-py3.12.egg-info
[9.498s] -- Installing: /root/assignment1_rt/install/assignment1_rt/lib/python3.12/site-packages/assignment1_rt-0.0.0-py3.12.egg-info/PKG-INFO
[9.499s] -- Installing: /root/assignment1_rt/install/assignment1_rt/lib/python3.12/site-packages/assignment1_rt-0.0.0-py3.12.egg-info/dependency_links.txt
[9.499s] -- Installing: /root/assignment1_rt/install/assignment1_rt/lib/python3.12/site-packages/assignment1_rt-0.0.0-py3.12.egg-info/SOURCES.txt
[9.499s] -- Installing: /root/assignment1_rt/install/assignment1_rt/lib/python3.12/site-packages/assignment1_rt-0.0.0-py3.12.egg-info/top_level.txt
[9.499s] -- Installing: /root/assignment1_rt/install/assignment1_rt/lib/python3.12/site-packages/assignment1_rt
[9.500s] -- Installing: /root/assignment1_rt/install/assignment1_rt/lib/python3.12/site-packages/assignment1_rt/__init__.py
[9.535s] Listing '/root/assignment1_rt/install/assignment1_rt/lib/python3.12/site-packages/assignment1_rt'...
[9.536s] Compiling '/root/assignment1_rt/install/assignment1_rt/lib/python3.12/site-packages/assignment1_rt/__init__.py'...
[9.542s] -- Installing: /root/assignment1_rt/install/assignment1_rt/lib/assignment1_rt/turtle_spawn.py
[9.544s] -- Installing: /root/assignment1_rt/install/assignment1_rt/share/ament_index/resource_index/package_run_dependencies/assignment1_rt
[9.545s] -- Installing: /root/assignment1_rt/install/assignment1_rt/share/ament_index/resource_index/parent_prefix_path/assignment1_rt
[9.545s] -- Installing: /root/assignment1_rt/install/assignment1_rt/share/assignment1_rt/environment/ament_prefix_path.sh
[9.545s] -- Installing: /root/assignment1_rt/install/assignment1_rt/share/assignment1_rt/environment/ament_prefix_path.dsv
[9.546s] -- Installing: /root/assignment1_rt/install/assignment1_rt/share/assignment1_rt/environment/path.sh
[9.546s] -- Installing: /root/assignment1_rt/install/assignment1_rt/share/assignment1_rt/environment/path.dsv
[9.546s] -- Installing: /root/assignment1_rt/install/assignment1_rt/share/assignment1_rt/local_setup.bash
[9.546s] -- Installing: /root/assignment1_rt/install/assignment1_rt/share/assignment1_rt/local_setup.sh
[9.546s] -- Installing: /root/assignment1_rt/install/assignment1_rt/share/assignment1_rt/local_setup.zsh
[9.546s] -- Installing: /root/assignment1_rt/install/assignment1_rt/share/assignment1_rt/local_setup.dsv
[9.546s] -- Installing: /root/assignment1_rt/install/assignment1_rt/share/assignment1_rt/package.dsv
[9.547s] -- Installing: /root/assignment1_rt/install/assignment1_rt/share/ament_index/resource_index/packages/assignment1_rt
[9.547s] -- Installing: /root/assignment1_rt/install/assignment1_rt/share/assignment1_rt/cmake/assignment1_rtConfig.cmake
[9.548s] -- Installing: /root/assignment1_rt/install/assignment1_rt/share/assignment1_rt/cmake/assignment1_rtConfig-version.cmake
[9.548s] -- Installing: /root/assignment1_rt/install/assignment1_rt/share/assignment1_rt/package.xml
[9.550s] Invoked command in '/root/assignment1_rt/build/assignment1_rt' returned '0': CMAKE_PREFIX_PATH=${CMAKE_PREFIX_PATH}:/opt/ros/jazzy /usr/bin/cmake --install /root/assignment1_rt/build/assignment1_rt
