[ 50%] Built target TextInterface
[ 50%] Built target ament_cmake_python_copy_assignment1_rt
[100%] Built target TurtlesController
running egg_info
writing assignment1_rt.egg-info/PKG-INFO
writing dependency_links to assignment1_rt.egg-info/dependency_links.txt
writing top-level names to assignment1_rt.egg-info/top_level.txt
reading manifest file 'assignment1_rt.egg-info/SOURCES.txt'
writing manifest file 'assignment1_rt.egg-info/SOURCES.txt'
[100%] Built target ament_cmake_python_build_assignment1_rt_egg
-- Install configuration: ""
-- Up-to-date: /root/assignment1_rt/install/assignment1_rt/lib/assignment1_rt/TextInterface
-- Up-to-date: /root/assignment1_rt/install/assignment1_rt/lib/assignment1_rt/TurtlesController
-- Up-to-date: /root/assignment1_rt/install/assignment1_rt/share/assignment1_rt/environment/pythonpath.sh
-- Up-to-date: /root/assignment1_rt/install/assignment1_rt/share/assignment1_rt/environment/pythonpath.dsv
-- Up-to-date: /root/assignment1_rt/install/assignment1_rt/lib/python3.12/site-packages/assignment1_rt-0.0.0-py3.12.egg-info
-- Installing: /root/assignment1_rt/install/assignment1_rt/lib/python3.12/site-packages/assignment1_rt-0.0.0-py3.12.egg-info/PKG-INFO
-- Installing: /root/assignment1_rt/install/assignment1_rt/lib/python3.12/site-packages/assignment1_rt-0.0.0-py3.12.egg-info/dependency_links.txt
-- Installing: /root/assignment1_rt/install/assignment1_rt/lib/python3.12/site-packages/assignment1_rt-0.0.0-py3.12.egg-info/SOURCES.txt
-- Installing: /root/assignment1_rt/install/assignment1_rt/lib/python3.12/site-packages/assignment1_rt-0.0.0-py3.12.egg-info/top_level.txt
-- Up-to-date: /root/assignment1_rt/install/assignment1_rt/lib/python3.12/site-packages/assignment1_rt
-- Up-to-date: /root/assignment1_rt/install/assignment1_rt/lib/python3.12/site-packages/assignment1_rt/__init__.py
Listing '/root/assignment1_rt/install/assignment1_rt/lib/python3.12/site-packages/assignment1_rt'...
-- Up-to-date: /root/assignment1_rt/install/assignment1_rt/lib/assignment1_rt/turtle_spawn.py
-- Up-to-date: /root/assignment1_rt/install/assignment1_rt/share/ament_index/resource_index/package_run_dependencies/assignment1_rt
-- Up-to-date: /root/assignment1_rt/install/assignment1_rt/share/ament_index/resource_index/parent_prefix_path/assignment1_rt
-- Up-to-date: /root/assignment1_rt/install/assignment1_rt/share/assignment1_rt/environment/ament_prefix_path.sh
-- Up-to-date: /root/assignment1_rt/install/assignment1_rt/share/assignment1_rt/environment/ament_prefix_path.dsv
-- Up-to-date: /root/assignment1_rt/install/assignment1_rt/share/assignment1_rt/environment/path.sh
-- Up-to-date: /root/assignment1_rt/install/assignment1_rt/share/assignment1_rt/environment/path.dsv
-- Up-to-date: /root/assignment1_rt/install/assignment1_rt/share/assignment1_rt/local_setup.bash
-- Up-to-date: /root/assignment1_rt/install/assignment1_rt/share/assignment1_rt/local_setup.sh
-- Up-to-date: /root/assignment1_rt/install/assignment1_rt/share/assignment1_rt/local_setup.zsh
-- Up-to-date: /root/assignment1_rt/install/assignment1_rt/share/assignment1_rt/local_setup.dsv
-- Installing: /root/assignment1_rt/install/assignment1_rt/share/assignment1_rt/package.dsv
-- Up-to-date: /root/assignment1_rt/install/assignment1_rt/share/ament_index/resource_index/packages/assignment1_rt
-- Up-to-date: /root/assignment1_rt/install/assignment1_rt/share/assignment1_rt/cmake/assignment1_rtConfig.cmake
-- Up-to-date: /root/assignment1_rt/install/assignment1_rt/share/assignment1_rt/cmake/assignment1_rtConfig-version.cmake
-- Up-to-date: /root/assignment1_rt/install/assignment1_rt/share/assignment1_rt/package.xml
