[0.278s] DEBUG:colcon:Command line arguments: ['/usr/bin/colcon', 'build']
[0.279s] DEBUG:colcon:Parsed command line arguments: Namespace(log_base=None, log_level=None, verb_name='build', build_base='build', install_base='install', merge_install=False, symlink_install=False, test_result_base=None, continue_on_error=False, executor='parallel', parallel_workers=20, event_handlers=None, ignore_user_meta=False, metas=['./colcon.meta'], base_paths=['.'], packages_ignore=None, packages_ignore_regex=None, paths=None, packages_up_to=None, packages_up_to_regex=None, packages_above=None, packages_above_and_dependencies=None, packages_above_depth=None, packages_select_by_dep=None, packages_skip_by_dep=None, packages_skip_up_to=None, packages_select_build_failed=False, packages_skip_build_finished=False, packages_select_test_failures=False, packages_skip_test_passed=False, packages_select=None, packages_skip=None, packages_select_regex=None, packages_skip_regex=None, packages_start=None, packages_end=None, cmake_args=None, cmake_target=None, cmake_target_skip_unavailable=False, cmake_clean_cache=False, cmake_clean_first=False, cmake_force_configure=False, ament_cmake_args=None, catkin_cmake_args=None, catkin_skip_building_tests=False, mixin_files=None, mixin=None, verb_parser=<colcon_mixin.mixin.mixin_argument.MixinArgumentDecorator object at 0x758f7bd8a060>, verb_extension=<colcon_core.verb.build.BuildVerb object at 0x758f7bd89d60>, main=<bound method BuildVerb.main of <colcon_core.verb.build.BuildVerb object at 0x758f7bd89d60>>, mixin_verb=('build',))
[0.358s] Level 1:colcon.colcon_core.package_discovery:discover_packages(colcon_meta) check parameters
[0.361s] INFO:colcon.colcon_metadata.package_discovery.colcon_meta:Using configuration from '/root/.colcon/metadata/default/Gazebo.meta'
[0.362s] INFO:colcon.colcon_metadata.package_discovery.colcon_meta:Using configuration from '/root/.colcon/metadata/default/fastdds.meta'
[0.362s] INFO:colcon.colcon_metadata.package_discovery.colcon_meta:Using configuration from '/root/.colcon/metadata/default/fastrtps.meta'
[0.362s] Level 1:colcon.colcon_core.package_discovery:discover_packages(recursive) check parameters
[0.362s] Level 1:colcon.colcon_core.package_discovery:discover_packages(ignore) check parameters
[0.362s] Level 1:colcon.colcon_core.package_discovery:discover_packages(path) check parameters
[0.362s] Level 1:colcon.colcon_core.package_discovery:discover_packages(colcon_meta) discover
[0.363s] Level 1:colcon.colcon_core.package_discovery:discover_packages(recursive) discover
[0.363s] INFO:colcon.colcon_core.package_discovery:Crawling recursively for packages in '/root/assignment1_rt'
[0.363s] Level 1:colcon.colcon_core.package_identification:_identify(.) by extensions ['ignore', 'ignore_ament_install']
[0.363s] Level 1:colcon.colcon_core.package_identification:_identify(.) by extension 'ignore'
[0.363s] Level 1:colcon.colcon_core.package_identification:_identify(.) by extension 'ignore_ament_install'
[0.363s] Level 1:colcon.colcon_core.package_identification:_identify(.) by extensions ['colcon_pkg']
[0.363s] Level 1:colcon.colcon_core.package_identification:_identify(.) by extension 'colcon_pkg'
[0.363s] Level 1:colcon.colcon_core.package_identification:_identify(.) by extensions ['colcon_meta']
[0.363s] Level 1:colcon.colcon_core.package_identification:_identify(.) by extension 'colcon_meta'
[0.363s] Level 1:colcon.colcon_core.package_identification:_identify(.) by extensions ['ros']
[0.363s] Level 1:colcon.colcon_core.package_identification:_identify(.) by extension 'ros'
[0.412s] DEBUG:colcon.colcon_core.package_identification:Package '.' with type 'ros.ament_cmake' and name 'assignment1_rt'
[0.412s] Level 1:colcon.colcon_core.package_discovery:discover_packages(recursive) using defaults
[0.412s] Level 1:colcon.colcon_core.package_discovery:discover_packages(ignore) discover
[0.412s] Level 1:colcon.colcon_core.package_discovery:discover_packages(ignore) using defaults
[0.412s] Level 1:colcon.colcon_core.package_discovery:discover_packages(path) discover
[0.412s] Level 1:colcon.colcon_core.package_discovery:discover_packages(path) using defaults
[0.445s] Level 5:colcon.colcon_core.verb:set package 'assignment1_rt' build argument 'cmake_args' from command line to 'None'
[0.446s] Level 5:colcon.colcon_core.verb:set package 'assignment1_rt' build argument 'cmake_target' from command line to 'None'
[0.446s] Level 5:colcon.colcon_core.verb:set package 'assignment1_rt' build argument 'cmake_target_skip_unavailable' from command line to 'False'
[0.446s] Level 5:colcon.colcon_core.verb:set package 'assignment1_rt' build argument 'cmake_clean_cache' from command line to 'False'
[0.446s] Level 5:colcon.colcon_core.verb:set package 'assignment1_rt' build argument 'cmake_clean_first' from command line to 'False'
[0.446s] Level 5:colcon.colcon_core.verb:set package 'assignment1_rt' build argument 'cmake_force_configure' from command line to 'False'
[0.446s] Level 5:colcon.colcon_core.verb:set package 'assignment1_rt' build argument 'ament_cmake_args' from command line to 'None'
[0.446s] Level 5:colcon.colcon_core.verb:set package 'assignment1_rt' build argument 'catkin_cmake_args' from command line to 'None'
[0.446s] Level 5:colcon.colcon_core.verb:set package 'assignment1_rt' build argument 'catkin_skip_building_tests' from command line to 'False'
[0.446s] DEBUG:colcon.colcon_core.verb:Building package 'assignment1_rt' with the following arguments: {'ament_cmake_args': None, 'build_base': '/root/assignment1_rt/build/assignment1_rt', 'catkin_cmake_args': None, 'catkin_skip_building_tests': False, 'cmake_args': None, 'cmake_clean_cache': False, 'cmake_clean_first': False, 'cmake_force_configure': False, 'cmake_target': None, 'cmake_target_skip_unavailable': False, 'install_base': '/root/assignment1_rt/install/assignment1_rt', 'merge_install': False, 'path': '/root/assignment1_rt', 'symlink_install': False, 'test_result_base': None}
[0.446s] INFO:colcon.colcon_core.executor:Executing jobs using 'parallel' executor
[0.447s] DEBUG:colcon.colcon_parallel_executor.executor.parallel:run_until_complete
[0.447s] INFO:colcon.colcon_ros.task.ament_cmake.build:Building ROS package in '/root/assignment1_rt' with build type 'ament_cmake'
[0.447s] INFO:colcon.colcon_cmake.task.cmake.build:Building CMake package in '/root/assignment1_rt'
[0.453s] INFO:colcon.colcon_core.plugin_system:Skipping extension 'colcon_core.shell.bat': Not used on non-Windows systems
[0.453s] INFO:colcon.colcon_core.shell:Skip shell extension 'powershell' for command environment: Not usable outside of PowerShell
[0.453s] DEBUG:colcon.colcon_core.shell:Skip shell extension 'dsv' for command environment
[0.471s] DEBUG:colcon.colcon_core.event_handler.log_command:Invoking command in '/root/assignment1_rt/build/assignment1_rt': CMAKE_PREFIX_PATH=${CMAKE_PREFIX_PATH}:/opt/ros/jazzy /usr/bin/cmake --build /root/assignment1_rt/build/assignment1_rt -- -j20 -l20
[9.764s] DEBUG:colcon.colcon_core.event_handler.log_command:Invoked command in '/root/assignment1_rt/build/assignment1_rt' returned '0': CMAKE_PREFIX_PATH=${CMAKE_PREFIX_PATH}:/opt/ros/jazzy /usr/bin/cmake --build /root/assignment1_rt/build/assignment1_rt -- -j20 -l20
[9.777s] DEBUG:colcon.colcon_core.event_handler.log_command:Invoking command in '/root/assignment1_rt/build/assignment1_rt': CMAKE_PREFIX_PATH=${CMAKE_PREFIX_PATH}:/opt/ros/jazzy /usr/bin/cmake --install /root/assignment1_rt/build/assignment1_rt
[9.850s] Level 1:colcon.colcon_core.environment:create_environment_scripts_only(assignment1_rt)
[9.850s] DEBUG:colcon.colcon_core.event_handler.log_command:Invoked command in '/root/assignment1_rt/build/assignment1_rt' returned '0': CMAKE_PREFIX_PATH=${CMAKE_PREFIX_PATH}:/opt/ros/jazzy /usr/bin/cmake --install /root/assignment1_rt/build/assignment1_rt
[9.857s] Level 1:colcon.colcon_core.environment:checking '/root/assignment1_rt/install/assignment1_rt' for CMake module files
[9.858s] Level 1:colcon.colcon_core.environment:checking '/root/assignment1_rt/install/assignment1_rt' for CMake config files
[9.858s] Level 1:colcon.colcon_core.shell:create_environment_hook('assignment1_rt', 'cmake_prefix_path')
[9.858s] INFO:colcon.colcon_core.shell:Creating environment hook '/root/assignment1_rt/install/assignment1_rt/share/assignment1_rt/hook/cmake_prefix_path.ps1'
[9.859s] INFO:colcon.colcon_core.shell:Creating environment descriptor '/root/assignment1_rt/install/assignment1_rt/share/assignment1_rt/hook/cmake_prefix_path.dsv'
[9.860s] INFO:colcon.colcon_core.shell:Creating environment hook '/root/assignment1_rt/install/assignment1_rt/share/assignment1_rt/hook/cmake_prefix_path.sh'
[9.861s] Level 1:colcon.colcon_core.environment:checking '/root/assignment1_rt/install/assignment1_rt/lib'
[9.861s] Level 1:colcon.colcon_core.environment:checking '/root/assignment1_rt/install/assignment1_rt/bin'
[9.861s] Level 1:colcon.colcon_core.environment:checking '/root/assignment1_rt/install/assignment1_rt/lib/pkgconfig/assignment1_rt.pc'
[9.865s] Level 1:colcon.colcon_core.environment:checking '/root/assignment1_rt/install/assignment1_rt/lib/python3.12/site-packages'
[9.865s] Level 1:colcon.colcon_core.shell:create_environment_hook('assignment1_rt', 'pythonpath')
[9.865s] INFO:colcon.colcon_core.shell:Creating environment hook '/root/assignment1_rt/install/assignment1_rt/share/assignment1_rt/hook/pythonpath.ps1'
[9.866s] INFO:colcon.colcon_core.shell:Creating environment descriptor '/root/assignment1_rt/install/assignment1_rt/share/assignment1_rt/hook/pythonpath.dsv'
[9.866s] INFO:colcon.colcon_core.shell:Creating environment hook '/root/assignment1_rt/install/assignment1_rt/share/assignment1_rt/hook/pythonpath.sh'
[9.866s] Level 1:colcon.colcon_core.environment:checking '/root/assignment1_rt/install/assignment1_rt/bin'
[9.867s] INFO:colcon.colcon_core.shell:Creating package script '/root/assignment1_rt/install/assignment1_rt/share/assignment1_rt/package.ps1'
[9.868s] INFO:colcon.colcon_core.shell:Creating package descriptor '/root/assignment1_rt/install/assignment1_rt/share/assignment1_rt/package.dsv'
[9.869s] INFO:colcon.colcon_core.shell:Creating package script '/root/assignment1_rt/install/assignment1_rt/share/assignment1_rt/package.sh'
[9.870s] INFO:colcon.colcon_core.shell:Creating package script '/root/assignment1_rt/install/assignment1_rt/share/assignment1_rt/package.bash'
[9.870s] INFO:colcon.colcon_core.shell:Creating package script '/root/assignment1_rt/install/assignment1_rt/share/assignment1_rt/package.zsh'
[9.871s] Level 1:colcon.colcon_core.environment:create_file_with_runtime_dependencies(/root/assignment1_rt/install/assignment1_rt/share/colcon-core/packages/assignment1_rt)
[9.872s] Level 1:colcon.colcon_core.environment:create_environment_scripts_only(assignment1_rt)
[9.872s] Level 1:colcon.colcon_core.environment:checking '/root/assignment1_rt/install/assignment1_rt' for CMake module files
[9.872s] Level 1:colcon.colcon_core.environment:checking '/root/assignment1_rt/install/assignment1_rt' for CMake config files
[9.873s] Level 1:colcon.colcon_core.shell:create_environment_hook('assignment1_rt', 'cmake_prefix_path')
[9.873s] INFO:colcon.colcon_core.shell:Creating environment hook '/root/assignment1_rt/install/assignment1_rt/share/assignment1_rt/hook/cmake_prefix_path.ps1'
[9.873s] INFO:colcon.colcon_core.shell:Creating environment descriptor '/root/assignment1_rt/install/assignment1_rt/share/assignment1_rt/hook/cmake_prefix_path.dsv'
[9.873s] INFO:colcon.colcon_core.shell:Creating environment hook '/root/assignment1_rt/install/assignment1_rt/share/assignment1_rt/hook/cmake_prefix_path.sh'
[9.874s] Level 1:colcon.colcon_core.environment:checking '/root/assignment1_rt/install/assignment1_rt/lib'
[9.874s] Level 1:colcon.colcon_core.environment:checking '/root/assignment1_rt/install/assignment1_rt/bin'
[9.874s] Level 1:colcon.colcon_core.environment:checking '/root/assignment1_rt/install/assignment1_rt/lib/pkgconfig/assignment1_rt.pc'
[9.875s] Level 1:colcon.colcon_core.environment:checking '/root/assignment1_rt/install/assignment1_rt/lib/python3.12/site-packages'
[9.875s] Level 1:colcon.colcon_core.shell:create_environment_hook('assignment1_rt', 'pythonpath')
[9.875s] INFO:colcon.colcon_core.shell:Creating environment hook '/root/assignment1_rt/install/assignment1_rt/share/assignment1_rt/hook/pythonpath.ps1'
[9.875s] INFO:colcon.colcon_core.shell:Creating environment descriptor '/root/assignment1_rt/install/assignment1_rt/share/assignment1_rt/hook/pythonpath.dsv'
[9.876s] INFO:colcon.colcon_core.shell:Creating environment hook '/root/assignment1_rt/install/assignment1_rt/share/assignment1_rt/hook/pythonpath.sh'
[9.876s] Level 1:colcon.colcon_core.environment:checking '/root/assignment1_rt/install/assignment1_rt/bin'
[9.877s] INFO:colcon.colcon_core.shell:Creating package script '/root/assignment1_rt/install/assignment1_rt/share/assignment1_rt/package.ps1'
[9.877s] INFO:colcon.colcon_core.shell:Creating package descriptor '/root/assignment1_rt/install/assignment1_rt/share/assignment1_rt/package.dsv'
[9.878s] INFO:colcon.colcon_core.shell:Creating package script '/root/assignment1_rt/install/assignment1_rt/share/assignment1_rt/package.sh'
[9.878s] INFO:colcon.colcon_core.shell:Creating package script '/root/assignment1_rt/install/assignment1_rt/share/assignment1_rt/package.bash'
[9.878s] INFO:colcon.colcon_core.shell:Creating package script '/root/assignment1_rt/install/assignment1_rt/share/assignment1_rt/package.zsh'
[9.879s] Level 1:colcon.colcon_core.environment:create_file_with_runtime_dependencies(/root/assignment1_rt/install/assignment1_rt/share/colcon-core/packages/assignment1_rt)
[9.879s] DEBUG:colcon.colcon_parallel_executor.executor.parallel:closing loop
[9.880s] DEBUG:colcon.colcon_parallel_executor.executor.parallel:loop closed
[9.880s] DEBUG:colcon.colcon_parallel_executor.executor.parallel:run_until_complete finished with '0'
[9.880s] DEBUG:colcon.colcon_core.event_reactor:joining thread
[9.898s] INFO:colcon.colcon_core.plugin_system:Skipping extension 'colcon_notification.desktop_notification.notify_send': Could not find 'notify-send'
[9.898s] INFO:colcon.colcon_core.plugin_system:Skipping extension 'colcon_notification.desktop_notification.terminal_notifier': Not used on non-Darwin systems
[9.898s] INFO:colcon.colcon_core.plugin_system:Skipping extension 'colcon_notification.desktop_notification.win32': Not used on non-Windows systems
[9.898s] INFO:colcon.colcon_notification.desktop_notification:Sending desktop notification using 'notify2'
[9.901s] DEBUG:colcon.colcon_notification.desktop_notification.notify2:Failed to initialize notify2: org.freedesktop.DBus.Error.Spawn.ExecFailed: /usr/bin/dbus-launch terminated abnormally without any error message
[9.901s] DEBUG:colcon.colcon_core.event_reactor:joined thread
[9.902s] INFO:colcon.colcon_core.shell:Creating prefix script '/root/assignment1_rt/install/local_setup.ps1'
[9.903s] INFO:colcon.colcon_core.shell:Creating prefix util module '/root/assignment1_rt/install/_local_setup_util_ps1.py'
[9.905s] INFO:colcon.colcon_core.shell:Creating prefix chain script '/root/assignment1_rt/install/setup.ps1'
[9.907s] INFO:colcon.colcon_core.shell:Creating prefix script '/root/assignment1_rt/install/local_setup.sh'
[9.908s] INFO:colcon.colcon_core.shell:Creating prefix util module '/root/assignment1_rt/install/_local_setup_util_sh.py'
[9.908s] INFO:colcon.colcon_core.shell:Creating prefix chain script '/root/assignment1_rt/install/setup.sh'
[9.910s] INFO:colcon.colcon_core.shell:Creating prefix script '/root/assignment1_rt/install/local_setup.bash'
[9.911s] INFO:colcon.colcon_core.shell:Creating prefix chain script '/root/assignment1_rt/install/setup.bash'
[9.912s] INFO:colcon.colcon_core.shell:Creating prefix script '/root/assignment1_rt/install/local_setup.zsh'
[9.913s] INFO:colcon.colcon_core.shell:Creating prefix chain script '/root/assignment1_rt/install/setup.zsh'
